[    0.000000] Initializing cgroup subsys cpuset
[    0.000000] Initializing cgroup subsys cpu
[    0.000000] Initializing cgroup subsys cpuacct
[    0.000000] Linux version 4.4.0-140-generic (buildd@lgw01-amd64-039) (gcc version 5.4.0 20160609 (Ubuntu 5.4.0-6ubuntu1~16.04.10) ) #166-Ubuntu SMP Wed Nov 14 20:09:35 UTC 2018 (Ubuntu 4.4.0-140.166-generic 4.4.162)
[    0.000000] KERNEL supported cpus:
[    0.000000]   Intel GenuineIntel
[    0.000000]   AMD AuthenticAMD
[    0.000000]   NSC Geode by NSC
[    0.000000]   Cyrix CyrixInstead
[    0.000000]   Centaur CentaurHauls
[    0.000000]   Transmeta GenuineTMx86
[    0.000000]   Transmeta TransmetaCPU
[    0.000000]   UMC UMC UMC UMC
[    0.000000] x86/fpu: xstate_offset[2]:  576, xstate_sizes[2]:  256
[    0.000000] x86/fpu: Supporting XSAVE feature 0x01: 'x87 floating point registers'
[    0.000000] x86/fpu: Supporting XSAVE feature 0x02: 'SSE registers'
[    0.000000] x86/fpu: Supporting XSAVE feature 0x04: 'AVX registers'
[    0.000000] x86/fpu: Enabled xstate features 0x7, context size is 832 bytes, using 'standard' format.
[    0.000000] e820: BIOS-provided physical RAM map:
[    0.000000] BIOS-e820: [mem 0x0000000000000000-0x000000000009fbff] usable
[    0.000000] BIOS-e820: [mem 0x000000000009fc00-0x000000000009ffff] reserved
[    0.000000] BIOS-e820: [mem 0x00000000000f0000-0x00000000000fffff] reserved
[    0.000000] BIOS-e820: [mem 0x0000000000100000-0x000000001ffeffff] usable
[    0.000000] BIOS-e820: [mem 0x000000001fff0000-0x000000001fffffff] ACPI data
[    0.000000] BIOS-e820: [mem 0x00000000fec00000-0x00000000fec00fff] reserved
[    0.000000] BIOS-e820: [mem 0x00000000fee00000-0x00000000fee00fff] reserved
[    0.000000] BIOS-e820: [mem 0x00000000fffc0000-0x00000000ffffffff] reserved
[    0.000000] NX (Execute Disable) protection: active
[    0.000000] SMBIOS 2.5 present.
[    0.000000] Hypervisor detected: KVM
[    0.000000] e820: last_pfn = 0x1fff0 max_arch_pfn = 0x1000000
[    0.000000] MTRR: Disabled
[    0.000000] x86/PAT: MTRRs disabled, skipping PAT initialization too.
[    0.000000] CPU MTRRs all blank - virtualized system.
[    0.000000] x86/PAT: Configuration [0-7]: WB  WT  UC- UC  WB  WT  UC- UC  
[    0.000000] found SMP MP-table at [mem 0x0009fff0-0x0009ffff] mapped at [c009fff0]
[    0.000000] Scanning 1 areas for low memory corruption
[    0.000000] RAMDISK: [mem 0x1e995000-0x1f7a2fff]
[    0.000000] ACPI: Early table checksum verification disabled
[    0.000000] ACPI: RSDP 0x00000000000E0000 000024 (v02 VBOX  )
[    0.000000] ACPI: XSDT 0x000000001FFF0030 00003C (v01 VBOX   VBOXXSDT 00000001 ASL  00000061)
[    0.000000] ACPI: FACP 0x000000001FFF00F0 0000F4 (v04 VBOX   VBOXFACP 00000001 ASL  00000061)
[    0.000000] ACPI: DSDT 0x000000001FFF0470 0021FF (v02 VBOX   VBOXBIOS 00000002 INTL 20100528)
[    0.000000] ACPI: FACS 0x000000001FFF0200 000040
[    0.000000] ACPI: FACS 0x000000001FFF0200 000040
[    0.000000] ACPI: APIC 0x000000001FFF0240 000054 (v02 VBOX   VBOXAPIC 00000001 ASL  00000061)
[    0.000000] ACPI: SSDT 0x000000001FFF02A0 0001CC (v01 VBOX   VBOXCPUT 00000002 INTL 20100528)
[    0.000000] 0MB HIGHMEM available.
[    0.000000] 511MB LOWMEM available.
[    0.000000]   mapped low ram: 0 - 1fff0000
[    0.000000]   low ram: 0 - 1fff0000
[    0.000000] kvm-clock: Using msrs 4b564d01 and 4b564d00
[    0.000000] kvm-clock: cpu 0, msr 0:1ffef001, primary cpu clock
[    0.000000] kvm-clock: using sched offset of 4903972591 cycles
[    0.000000] clocksource: kvm-clock: mask: 0xffffffffffffffff max_cycles: 0x1cd42e4dffb, max_idle_ns: 881590591483 ns
[    0.000000] Zone ranges:
[    0.000000]   DMA      [mem 0x0000000000001000-0x0000000000ffffff]
[    0.000000]   Normal   [mem 0x0000000001000000-0x000000001ffeffff]
[    0.000000]   HighMem  empty
[    0.000000] Movable zone start for each node
[    0.000000] Early memory node ranges
[    0.000000]   node   0: [mem 0x0000000000001000-0x000000000009efff]
[    0.000000]   node   0: [mem 0x0000000000100000-0x000000001ffeffff]
[    0.000000] Initmem setup node 0 [mem 0x0000000000001000-0x000000001ffeffff]
[    0.000000] Using APIC driver default
[    0.000000] ACPI: PM-Timer IO Port: 0x4008
[    0.000000] IOAPIC[0]: apic_id 1, version 32, address 0xfec00000, GSI 0-23
[    0.000000] ACPI: INT_SRC_OVR (bus 0 bus_irq 0 global_irq 2 dfl dfl)
[    0.000000] ACPI: INT_SRC_OVR (bus 0 bus_irq 9 global_irq 9 low level)
[    0.000000] Using ACPI (MADT) for SMP configuration information
[    0.000000] smpboot: Allowing 1 CPUs, 0 hotplug CPUs
[    0.000000] PM: Registered nosave memory: [mem 0x00000000-0x00000fff]
[    0.000000] PM: Registered nosave memory: [mem 0x0009f000-0x0009ffff]
[    0.000000] PM: Registered nosave memory: [mem 0x000a0000-0x000effff]
[    0.000000] PM: Registered nosave memory: [mem 0x000f0000-0x000fffff]
[    0.000000] e820: [mem 0x20000000-0xfebfffff] available for PCI devices
[    0.000000] Booting paravirtualized kernel on KVM
[    0.000000] clocksource: refined-jiffies: mask: 0xffffffff max_cycles: 0xffffffff, max_idle_ns: 7645519600211568 ns
[    0.000000] setup_percpu: NR_CPUS:8 nr_cpumask_bits:8 nr_cpu_ids:1 nr_node_ids:1
[    0.000000] PERCPU: Embedded 19 pages/cpu @dfac1000 s47436 r0 d30388 u77824
[    0.000000] PV qspinlock hash table entries: 512 (order: 0, 4096 bytes)
[    0.000000] Built 1 zonelists in Zone order, mobility grouping on.  Total pages: 129678
[    0.000000] Kernel command line: BOOT_IMAGE=/boot/vmlinuz-4.4.0-140-generic root=LABEL=cloudimg-rootfs ro console=tty1 console=ttyS0
[    0.000000] PID hash table entries: 2048 (order: 1, 8192 bytes)
[    0.000000] Dentry cache hash table entries: 65536 (order: 6, 262144 bytes)
[    0.000000] Inode-cache hash table entries: 32768 (order: 5, 131072 bytes)
[    0.000000] Initializing CPU#0
[    0.000000] Initializing HighMem for node 0 (00000000:00000000)
[    0.000000] Memory: 489764K/523832K available (8051K kernel code, 778K rwdata, 3180K rodata, 952K init, 800K bss, 34068K reserved, 0K cma-reserved, 0K highmem)
[    0.000000] virtual kernel memory layout:
[    0.000000]     fixmap  : 0xfff15000 - 0xfffff000   ( 936 kB)
[    0.000000]     pkmap   : 0xffc00000 - 0xffe00000   (2048 kB)
[    0.000000]     vmalloc : 0xe07f0000 - 0xffbfe000   ( 500 MB)
[    0.000000]     lowmem  : 0xc0000000 - 0xdfff0000   ( 511 MB)
[    0.000000]       .init : 0xc1bbe000 - 0xc1cac000   ( 952 kB)
[    0.000000]       .data : 0xc17dd244 - 0xc1bbc9c0   (3965 kB)
[    0.000000]       .text : 0xc1000000 - 0xc17dd244   (8052 kB)
[    0.000000] Checking if this processor honours the WP bit even in supervisor mode...Ok.
[    0.000000] SLUB: HWalign=64, Order=0-3, MinObjects=0, CPUs=1, Nodes=1
[    0.000000] Hierarchical RCU implementation.
[    0.000000] 	Build-time adjustment of leaf fanout to 32.
[    0.000000] 	RCU restricting CPUs from NR_CPUS=8 to nr_cpu_ids=1.
[    0.000000] RCU: Adjusting geometry for rcu_fanout_leaf=32, nr_cpu_ids=1
[    0.000000] NR_IRQS:2304 nr_irqs:256 16
[    0.000000] Console: colour VGA+ 80x25
[    0.000000] console [tty1] enabled
[    0.000000] console [ttyS0] enabled
[    0.000000] allocated 524288 bytes of page_ext
[    0.000000] tsc: Detected 2808.002 MHz processor
[    0.954782] Calibrating delay loop (skipped) preset value.. 5616.00 BogoMIPS (lpj=11232008)
[    0.956007] pid_max: default: 32768 minimum: 301
[    0.981403] ACPI: Core revision 20150930
[    1.043580] ACPI: 2 ACPI AML tables successfully acquired and loaded
[    1.101539] Security Framework initialized
[    1.120154] Yama: becoming mindful.
[    1.120776] AppArmor: AppArmor initialized
[    1.121419] Mount-cache hash table entries: 1024 (order: 0, 4096 bytes)
[    1.122334] Mountpoint-cache hash table entries: 1024 (order: 0, 4096 bytes)
[    1.123474] Initializing cgroup subsys io
[    1.130814] Initializing cgroup subsys memory
[    1.131558] Initializing cgroup subsys devices
[    1.132412] Initializing cgroup subsys freezer
[    1.133520] Initializing cgroup subsys net_cls
[    1.136092] Initializing cgroup subsys perf_event
[    1.137016] Initializing cgroup subsys net_prio
[    1.137907] Initializing cgroup subsys hugetlb
[    1.138818] Initializing cgroup subsys pids
[    1.141724] mce: CPU supports 0 MCE banks
[    1.162991] process: using mwait in idle threads
[    1.196331] Last level iTLB entries: 4KB 64, 2MB 8, 4MB 8
[    1.197117] Last level dTLB entries: 4KB 64, 2MB 0, 4MB 0, 1GB 4
[    1.197988] Spectre V2 : Mitigation: Full generic retpoline
[    1.198826] Spectre V2 : Spectre v2 mitigation: Speculation control IBPB not-supported IBRS not-supported
[    1.199954] Spectre V2 : Spectre v2 / SpectreRSB mitigation: Filling RSB on context switch
[    1.201328] Speculative Store Bypass: Vulnerable
[    1.216782] Freeing SMP alternatives memory: 32K
[    1.224258] ftrace: allocating 31562 entries in 62 pages
[    1.274512] smpboot: APIC(0) Converting physical 0 to logical package 0
[    1.376734] smpboot: Max logical packages: 1
[    1.440215] Enabling APIC mode:  Flat.  Using 1 I/O APICs
[    1.521375] ..TIMER: vector=0x30 apic1=0 pin1=2 apic2=-1 pin2=-1
[    1.626892] smpboot: CPU0: Intel(R) Core(TM) i7-7700HQ CPU @ 2.80GHz (family: 0x6, model: 0x9e, stepping: 0x9)
[    1.770985] Performance Events: unsupported p6 CPU model 158 no PMU driver, software events only.
[    1.784622] KVM setup paravirtual spinlock
[    1.799287] x86: Booted up 1 node, 1 CPUs
[    1.799910] smpboot: Total of 1 processors activated (5616.00 BogoMIPS)
[    1.806891] devtmpfs: initialized
[    1.807569] evm: security.selinux
[    1.808114] evm: security.SMACK64
[    1.808651] evm: security.SMACK64EXEC
[    1.809292] evm: security.SMACK64TRANSMUTE
[    1.809971] evm: security.SMACK64MMAP
[    1.812368] evm: security.ima
[    1.812863] evm: security.capability
[    1.813525] clocksource: jiffies: mask: 0xffffffff max_cycles: 0xffffffff, max_idle_ns: 7645041785100000 ns
[    1.821258] futex hash table entries: 256 (order: 2, 16384 bytes)
[    1.834754] pinctrl core: initialized pinctrl subsystem
[    1.835596] RTC time: 12:52:55, date: 01/06/19
[    1.836351] NET: Registered protocol family 16
[    1.837147] EISA bus registered
[    1.837677] cpuidle: using governor ladder
[    1.838305] cpuidle: using governor menu
[    1.838908] PCCT header not found.
[    1.872820] ACPI: bus type PCI registered
[    1.924476] acpiphp: ACPI Hot Plug PCI Controller Driver version: 0.5
[    1.931955] PCI : PCI BIOS area is rw and x. Use pci=nobios if you want it NX.
[    1.948264] PCI: PCI BIOS revision 2.10 entry at 0xfda26, last bus=0
[    1.951117] PCI: Using configuration type 1 for base access
[    1.952848] ACPI: Added _OSI(Module Device)
[    1.953615] ACPI: Added _OSI(Processor Device)
[    1.954290] ACPI: Added _OSI(3.0 _SCP Extensions)
[    1.954979] ACPI: Added _OSI(Processor Aggregator Device)
[    1.956822] ACPI: Executed 1 blocks of module-level executable AML code
[    1.967539] ACPI: Interpreter enabled
[    1.968179] ACPI: (supports S0 S5)
[    1.968749] ACPI: Using IOAPIC for interrupt routing
[    1.969605] PCI: Using host bridge windows from ACPI; if necessary, use "pci=nocrs" and report a bug
[    1.974703] ACPI: PCI Root Bridge [PCI0] (domain 0000 [bus 00-ff])
[    2.065748] acpi PNP0A03:00: _OSC: OS supports [ASPM ClockPM Segments MSI]
[    2.133718] acpi PNP0A03:00: _OSC: not requesting OS control; OS requires [ExtendedConfig ASPM ClockPM MSI]
[    2.136196] acpi PNP0A03:00: fail to add MMCONFIG information, can't access extended PCI configuration space under this bridge.
[    2.145031] PCI host bridge to bus 0000:00
[    2.147788] pci_bus 0000:00: root bus resource [io  0x0000-0x0cf7 window]
[    2.149130] pci_bus 0000:00: root bus resource [io  0x0d00-0xffff window]
[    2.150521] pci_bus 0000:00: root bus resource [mem 0x000a0000-0x000bffff window]
[    2.160519] pci_bus 0000:00: root bus resource [mem 0x20000000-0xfdffffff window]
[    2.161777] pci_bus 0000:00: root bus resource [bus 00-ff]
[    2.164301] pci 0000:00:01.1: legacy IDE quirk: reg 0x10: [io  0x01f0-0x01f7]
[    2.198002] pci 0000:00:01.1: legacy IDE quirk: reg 0x14: [io  0x03f6]
[    2.199043] pci 0000:00:01.1: legacy IDE quirk: reg 0x18: [io  0x0170-0x0177]
[    2.200302] pci 0000:00:01.1: legacy IDE quirk: reg 0x1c: [io  0x0376]
[    2.211917] pci 0000:00:07.0: quirk: [io  0x4000-0x403f] claimed by PIIX4 ACPI
[    2.269861] pci 0000:00:07.0: quirk: [io  0x4100-0x410f] claimed by PIIX4 SMB
[    2.277872] ACPI: PCI Interrupt Link [LNKA] (IRQs 5 9 10 *11)
[    2.343974] ACPI: PCI Interrupt Link [LNKB] (IRQs 5 9 *10 11)
[    2.345156] ACPI: PCI Interrupt Link [LNKC] (IRQs 5 *9 10 11)
[    2.346318] ACPI: PCI Interrupt Link [LNKD] (IRQs 5 9 10 *11)
[    2.347564] ACPI: Enabled 2 GPEs in block 00 to 07
[    2.348576] vgaarb: setting as boot device: PCI:0000:00:02.0
[    2.349369] vgaarb: device added: PCI:0000:00:02.0,decodes=io+mem,owns=io+mem,locks=none
[    2.350660] vgaarb: loaded
[    2.366880] vgaarb: bridge control possible 0000:00:02.0
[    2.367930] SCSI subsystem initialized
[    2.368800] ACPI: bus type USB registered
[    2.369565] usbcore: registered new interface driver usbfs
[    2.370336] usbcore: registered new interface driver hub
[    2.371093] usbcore: registered new device driver usb
[    2.371919] PCI: Using ACPI for IRQ routing
[    2.372803] NetLabel: Initializing
[    2.373374] NetLabel:  domain hash size = 128
[    2.385660] NetLabel:  protocols = UNLABELED CIPSOv4
[    2.393647] NetLabel:  unlabeled traffic allowed by default
[    2.425955] amd_nb: Cannot enumerate AMD northbridges
[    2.433321] clocksource: Switched to clocksource kvm-clock
[    2.438751] AppArmor: AppArmor Filesystem Enabled
[    2.450895] pnp: PnP ACPI init
[    2.470844] pnp: PnP ACPI: found 3 devices
[    2.519435] PnPBIOS: Disabled by ACPI PNP
[    2.557236] clocksource: acpi_pm: mask: 0xffffff max_cycles: 0xffffff, max_idle_ns: 2085701024 ns
[    2.694104] NET: Registered protocol family 2
[    2.802417] TCP established hash table entries: 4096 (order: 2, 16384 bytes)
[    2.811598] TCP bind hash table entries: 4096 (order: 3, 32768 bytes)
[    2.812640] TCP: Hash tables configured (established 4096 bind 4096)
[    2.819618] UDP hash table entries: 256 (order: 1, 8192 bytes)
[    2.820869] UDP-Lite hash table entries: 256 (order: 1, 8192 bytes)
[    2.822449] NET: Registered protocol family 1
[    2.823566] pci 0000:00:00.0: Limiting direct PCI/PCI transfers
[    2.825084] pci 0000:00:01.0: Activating ISA DMA hang workarounds
[    2.828035] Unpacking initramfs...
[    3.084574] Freeing initrd memory: 14392K
[    3.116145] platform rtc_cmos: registered platform RTC device (no PNP device found)
[    3.136326] Scanning for low memory corruption every 60 seconds
[    3.145488] audit: initializing netlink subsys (disabled)
[    3.146536] audit: type=2000 audit(1546779180.851:1): initialized
[    3.148032] Initialise system trusted keyring
[    3.149130] HugeTLB registered 2 MB page size, pre-allocated 0 pages
[    3.160276] zbud: loaded
[    3.175096] VFS: Disk quotas dquot_6.6.0
[    3.183097] VFS: Dquot-cache hash table entries: 1024 (order 0, 4096 bytes)
[    3.184779] squashfs: version 4.0 (2009/01/31) Phillip Lougher
[    3.188086] fuse init (API version 7.23)
[    3.189040] Key type big_key registered
[    3.189933] Allocating IMA MOK and blacklist keyrings.
[    3.211449] Key type asymmetric registered
[    3.212228] Asymmetric key parser 'x509' registered
[    3.216513] bounce: pool size: 64 pages
[    3.219277] Block layer SCSI generic (bsg) driver version 0.4 loaded (major 249)
[    3.221923] io scheduler noop registered
[    3.222591] io scheduler deadline registered (default)
[    3.225330] io scheduler cfq registered
[    3.226443] pci_hotplug: PCI Hot Plug PCI Core version: 0.5
[    3.227483] pciehp: PCI Express Hot Plug Controller Driver version: 0.4
[    3.239082] ACPI: AC Adapter [AC] (on-line)
[    3.248478] input: Power Button as /devices/LNXSYSTM:00/LNXPWRBN:00/input/input0
[    3.249636] ACPI: Power Button [PWRF]
[    3.250397] input: Sleep Button as /devices/LNXSYSTM:00/LNXSLPBN:00/input/input1
[    3.251561] ACPI: Sleep Button [SLPF]
[    3.252773] ACPI: Battery Slot [BAT0] (battery present)
[    3.253532] GHES: HEST is not enabled!
[    3.254260] isapnp: Scanning for PnP cards...
[    3.260617] Serial: 8250/16550 driver, 32 ports, IRQ sharing enabled
[    3.287386] 00:02: ttyS0 at I/O 0x3f8 (irq = 4, base_baud = 115200) is a 16550A
[    3.335022] Linux agpgart interface v0.103
[    3.344239] loop: module loaded
[    3.347605] scsi host0: ata_piix
[    3.408962] scsi host1: ata_piix
[    3.418225] ata1: PATA max UDMA/33 cmd 0x1f0 ctl 0x3f6 bmdma 0xd000 irq 14
[    3.421255] ata2: PATA max UDMA/33 cmd 0x170 ctl 0x376 bmdma 0xd008 irq 15
[    3.422739] libphy: Fixed MDIO Bus: probed
[    3.423723] tun: Universal TUN/TAP device driver, 1.6
[    3.424660] tun: (C) 1999-2004 Max Krasnyansky <maxk@qualcomm.com>
[    3.425908] PPP generic driver version 2.4.2
[    3.426649] ehci_hcd: USB 2.0 'Enhanced' Host Controller (EHCI) Driver
[    3.427558] ehci-pci: EHCI PCI platform driver
[    3.428243] ehci-platform: EHCI generic platform driver
[    3.429031] ohci_hcd: USB 1.1 'Open' Host Controller (OHCI) Driver
[    3.430031] ohci-pci: OHCI PCI platform driver
[    3.430728] ohci-platform: OHCI generic platform driver
[    3.431503] uhci_hcd: USB Universal Host Controller Interface driver
[    3.432430] i8042: PNP: PS/2 Controller [PNP0303:PS2K,PNP0f03:PS2M] at 0x60,0x64 irq 1,12
[    3.434126] serio: i8042 KBD port at 0x60,0x64 irq 1
[    3.485722] serio: i8042 AUX port at 0x60,0x64 irq 12
[    3.521433] mousedev: PS/2 mouse device common for all mice
[    3.523131] input: AT Translated Set 2 keyboard as /devices/platform/i8042/serio0/input/input2
[    3.605976] rtc_cmos rtc_cmos: rtc core: registered rtc_cmos as rtc0
[    3.677071] rtc_cmos rtc_cmos: alarms up to one day, 114 bytes nvram
[    3.678025] i2c /dev entries driver
[    3.678679] device-mapper: uevent: version 1.0.3
[    3.679452] device-mapper: ioctl: 4.34.0-ioctl (2015-10-28) initialised: dm-devel@redhat.com
[    3.680696] platform eisa.0: Probing EISA bus 0
[    3.681392] platform eisa.0: EISA: Cannot allocate resource for mainboard
[    3.682339] platform eisa.0: Cannot allocate resource for EISA slot 1
[    3.782404] platform eisa.0: Cannot allocate resource for EISA slot 2
[    3.959921] platform eisa.0: Cannot allocate resource for EISA slot 3
[    4.055393] isapnp: No Plug & Play device found
[    4.056258] platform eisa.0: Cannot allocate resource for EISA slot 4
[    4.057136] platform eisa.0: Cannot allocate resource for EISA slot 5
[    4.058029] platform eisa.0: Cannot allocate resource for EISA slot 6
[    4.058908] platform eisa.0: Cannot allocate resource for EISA slot 7
[    4.127718] tsc: Refined TSC clocksource calibration: 2806.583 MHz
[    4.128981] clocksource: tsc: mask: 0xffffffffffffffff max_cycles: 0x28748b833bb, max_idle_ns: 440795349916 ns
[    4.133228] platform eisa.0: Cannot allocate resource for EISA slot 8
[    4.136360] platform eisa.0: EISA: Detected 0 cards
[    4.137338] cpufreq-nforce2: No nForce2 chipset.
[    4.138284] ledtrig-cpu: registered to indicate activity on CPUs
[    4.139493] NET: Registered protocol family 10
[    4.142959] NET: Registered protocol family 17
[    4.144119] Key type dns_resolver registered
[    4.145403] Using IPI No-Shortcut mode
[    4.146409] registered taskstats version 1
[    4.147371] Loading compiled-in X.509 certificates
[    4.157950] Loaded X.509 cert 'Build time autogenerated kernel key: 394b85283aa7d7d55227110a050a8da0339034b4'
[    4.161322] zswap: loaded using pool lzo/zbud
[    4.165270] Key type trusted registered
[    4.173153] Key type encrypted registered
[    4.175502] AppArmor: AppArmor sha1 policy hashing enabled
[    4.176545] ima: No TPM chip found, activating TPM-bypass!
[    4.177545] ima: Allocated hash algorithm: sha1
[    4.178495] evm: HMAC attrs: 0x1
[    4.181303]   Magic number: 3:31:885
[    4.188717] rtc_cmos rtc_cmos: setting system clock to 2019-01-06 12:52:58 UTC (1546779178)
[    4.191027] BIOS EDD facility v0.16 2004-Jun-25, 0 devices found
[    4.192293] EDD information not available.
[    4.194076] Freeing unused kernel memory: 952K
[    4.210648] Write protecting the kernel text: 8056k
[    4.212013] Write protecting the kernel read-only data: 3184k
[    4.219805] NX-protecting the kernel data: 6280k
Loading, please wait...
starting version 229
[    4.231997] random: udevadm: uninitialized urandom read (16 bytes read, 2 bits of entropy available)
[    4.234376] random: systemd-udevd: uninitialized urandom read (16 bytes read, 2 bits of entropy available)
[    4.236588] random: systemd-udevd: uninitialized urandom read (16 bytes read, 2 bits of entropy available)
[    4.241691] random: systemd-udevd: uninitialized urandom read (16 bytes read, 2 bits of entropy available)
[    4.264268] random: udevadm: uninitialized urandom read (16 bytes read, 2 bits of entropy available)
[    4.268448] random: udevadm: uninitialized urandom read (16 bytes read, 2 bits of entropy available)
[    4.271373] random: udevadm: uninitialized urandom read (16 bytes read, 2 bits of entropy available)
[    4.291011] random: udevadm: uninitialized urandom read (16 bytes read, 2 bits of entropy available)
[    4.292914] random: udevadm: uninitialized urandom read (16 bytes read, 2 bits of entropy available)
[    4.297833] random: udevadm: uninitialized urandom read (16 bytes read, 2 bits of entropy available)
[    4.345665] Fusion MPT base driver 3.04.20
[    4.353519] Copyright (c) 1999-2008 LSI Corporation
[    4.370832] e1000: Intel(R) PRO/1000 Network Driver - version 7.3.21-k8-NAPI
[    4.371930] e1000: Copyright (c) 1999-2006 Intel Corporation.
[    4.447987] Fusion MPT SPI Host driver 3.04.20
[    4.578811] input: ImExPS/2 Generic Explorer Mouse as /devices/platform/i8042/serio1/input/input4
[    5.042020] e1000 0000:00:03.0 eth0: (PCI:33MHz:32-bit) 02:9d:41:38:04:50
[    5.043155] e1000 0000:00:03.0 eth0: Intel(R) PRO/1000 Network Connection
[    5.045047] mptbase: ioc0: Initiating bringup
[    5.129834] ioc0: LSI53C1030 A0: Capabilities={Initiator}
[    5.291893] scsi host2: ioc0: LSI53C1030 A0, FwRev=00000000h, Ports=1, MaxQ=256, IRQ=20
[    5.542998] scsi 2:0:0:0: Direct-Access     VBOX     HARDDISK         1.0  PQ: 0 ANSI: 5
[    5.573057] scsi target2:0:0: Beginning Domain Validation
[    5.674985] scsi target2:0:0: Domain Validation skipping write tests
[    5.777614] scsi target2:0:0: Ending Domain Validation
[    5.881766] scsi target2:0:0: asynchronous
[    5.896232] scsi 2:0:1:0: Direct-Access     VBOX     HARDDISK         1.0  PQ: 0 ANSI: 5
[    5.962974] scsi target2:0:1: Beginning Domain Validation
[    6.030867] scsi target2:0:1: Domain Validation skipping write tests
[    6.055504] scsi target2:0:1: Ending Domain Validation
[    6.091256] scsi target2:0:1: asynchronous
[    6.154834] sd 2:0:0:0: Attached scsi generic sg0 type 0
[    6.155686] sd 2:0:0:0: [sda] 20971520 512-byte logical blocks: (10.7 GB/10.0 GiB)
[    6.260436] sd 2:0:1:0: [sdb] 20480 512-byte logical blocks: (10.5 MB/10.0 MiB)
[    6.269796] sd 2:0:1:0: Attached scsi generic sg1 type 0
[    6.279718] e1000 0000:00:08.0 eth1: (PCI:33MHz:32-bit) 08:00:27:17:3f:1f
[    6.294712] e1000 0000:00:08.0 eth1: Intel(R) PRO/1000 Network Connection
[    6.310030] sd 2:0:1:0: [sdb] Write Protect is off
[    6.338373] e1000 0000:00:08.0 enp0s8: renamed from eth1
[    6.372921] sd 2:0:1:0: [sdb] Incomplete mode parameter data
[    6.408958] sd 2:0:1:0: [sdb] Assuming drive cache: write through
[    6.481481] e1000 0000:00:03.0 enp0s3: renamed from eth0
[    6.530860] sd 2:0:0:0: [sda] Write Protect is off
[    6.560620] sd 2:0:0:0: [sda] Incomplete mode parameter data
[    6.592945] sd 2:0:0:0: [sda] Assuming drive cache: write through
[    6.742524]  sda: sda1
[    6.788613] sd 2:0:0:0: [sda] Attached SCSI disk
[    6.836769] sd 2:0:1:0: [sdb] Attached SCSI disk
Begin: Loading essential drivers[    8.308339] md: linear personality registered for level -1
 ... [    8.348307] md: multipath personality registered for level -4
[    8.351963] md: raid0 personality registered for level 0
[    8.356244] md: raid1 personality registered for level 1
[    8.429600] raid6: mmxx1    gen()  6069 MB/s
[    8.497455] raid6: mmxx2    gen()  6055 MB/s
[    8.609395] raid6: sse1x1   gen()  6107 MB/s
[    8.725466] raid6: sse1x2   gen()  6519 MB/s
[    8.897913] raid6: sse2x1   gen() 10784 MB/s
[    8.965789] raid6: sse2x1   xor()  7684 MB/s
[    9.057708] raid6: sse2x2   gen() 13351 MB/s
[    9.125423] raid6: sse2x2   xor()  9418 MB/s
[    9.289541] raid6: avx2x1   gen() 21296 MB/s
[    9.357445] raid6: avx2x2   gen() 24902 MB/s
[    9.377724] raid6: using algorithm avx2x2 gen() 24902 MB/s
[    9.444243] raid6: using avx2x1 recovery algorithm
[    9.497210] xor: automatically using best checksumming function:
[    9.537470]    avx       : 24826.000 MB/sec
[    9.542408] async_tx: api initialized (async)
[    9.557075] md: raid6 personality registered for level 6
[    9.612389] md: raid5 personality registered for level 5
[    9.683315] md: raid4 personality registered for level 4
[    9.792500] md: raid10 personality registered for level 10
done.
Begin: Running /scripts/init-premount ... done[    9.958287] Btrfs loaded
.
Begin: Mounting root file system ... Begin: Running /scripts/local-top ... done.
Begin: Running /scripts/local-premount ... Scanning for Btrfs filesystems
done.
Warning: fsck not present, so skipping root file system
[   10.422020] EXT4-fs (sda1): mounted filesystem with ordered data mode. Opts: (null)
done.
Begin: Running /scripts/local-bottom ... done.
Begin: Running /scripts/init-bottom ... done.
[   11.151580] random: nonblocking pool is initialized
[   13.362170] systemd[1]: systemd 229 running in system mode. (+PAM +AUDIT +SELINUX +IMA +APPARMOR +SMACK +SYSVINIT +UTMP +LIBCRYPTSETUP +GCRYPT +GNUTLS +ACL +XZ -LZ4 +SECCOMP +BLKID +ELFUTILS +KMOD -IDN)
[   13.485272] systemd[1]: Detected virtualization oracle.
[   13.486057] systemd[1]: Detected architecture x86.

Welcome to [1mUbuntu 16.04.5 LTS[0m!

[   13.589655] systemd[1]: Set hostname to <kouosl>.
[   15.243301] systemd[1]: Reached target User and Group Name Lookups.
[[0;32m  OK  [0m] Reached target User and Group Name Lookups.
[   15.314846] systemd[1]: Reached target Encrypted Volumes.
[[0;32m  OK  [0m] Reached target Encrypted Volumes.
[   15.316673] systemd[1]: Started Trigger resolvconf update for networkd DNS.
[[0;32m  OK  [0m] Started Trigger resolvconf update for networkd DNS.
[   15.318797] systemd[1]: Listening on Device-mapper event daemon FIFOs.
[[0;32m  OK  [0m] Listening on Device-mapper event daemon FIFOs.
[   15.334421] systemd[1]: Started Forward Password Requests to Wall Directory Watch.
[[0;32m  OK  [0m] Started Forward Password Requests to Wall Directory Watch.
[   15.336828] systemd[1]: Listening on Journal Socket.
[[0;32m  OK  [0m] Listening on Journal Socket.
[   15.338589] systemd[1]: Listening on Journal Audit Socket.
[[0;32m  OK  [0m] Listening on Journal Audit Socket.
[   15.340342] systemd[1]: Listening on Journal Socket (/dev/log).
[[0;32m  OK  [0m] Listening on Journal Socket (/dev/log).
[   15.342459] systemd[1]: Listening on udev Control Socket.
[[0;32m  OK  [0m] Listening on udev Control Socket.
[   15.366218] systemd[1]: Created slice User and Session Slice.
[[0;32m  OK  [0m] Created slice User and Session Slice.
[   15.422010] systemd[1]: Listening on udev Kernel Socket.
[[0;32m  OK  [0m] Listening on udev Kernel Socket.
[   15.509893] systemd[1]: Listening on /dev/initctl Compatibility Named Pipe.
[[0;32m  OK  [0m] Listening on /dev/initctl Compatibility Named Pipe.
[   15.674048] systemd[1]: Listening on LVM2 metadata daemon socket.
[[0;32m  OK  [0m] Listening on LVM2 metadata daemon socket.
[   15.769331] systemd[1]: Listening on Syslog Socket.
[[0;32m  OK  [0m] Listening on Syslog Socket.
[   15.777823] systemd[1]: Reached target Swap.
[[0;32m  OK  [0m] Reached target Swap.
[   15.779754] systemd[1]: Reached target System Time Synchronized.
[[0;32m  OK  [0m] Reached target System Time Synchronized.
[   15.805968] systemd[1]: Listening on LVM2 poll daemon socket.
[[0;32m  OK  [0m] Listening on LVM2 poll daemon socket.
[   15.906441] systemd[1]: Created slice System Slice.
[[0;32m  OK  [0m] Created slice System Slice.
[   16.050016] systemd[1]: Created slice system-serial\x2dgetty.slice.
[[0;32m  OK  [0m] Created slice system-serial\x2dgetty.slice.
[   16.114576] systemd[1]: Starting Nameserver information manager...
         Starting Nameserver information manager...
[   16.223302] systemd[1]: Mounting Huge Pages File System...
         Mounting Huge Pages File System...
[   16.233674] systemd[1]: Starting Uncomplicated firewall...
         Starting Uncomplicated firewall...
[   16.236672] systemd[1]: Mounting Debug File System...
         Mounting Debug File System...
[   16.254254] systemd[1]: Starting Create list of required static device nodes for the current kernel...
         Starting Create list of required st... nodes for the current kernel...
[   16.271876] systemd[1]: Starting Journal Service...
         Starting Journal Service...
[   16.275929] systemd[1]: Mounting POSIX Message Queue File System...
         Mounting POSIX Message Queue File System...
[   16.279052] systemd[1]: Reached target Slices.
[[0;32m  OK  [0m] Reached target Slices.
[   16.282411] systemd[1]: Starting Remount Root and Kernel File Systems...
         Starting Remount Root and Kernel File Systems...
[   16.564366] systemd[1]: Starting Load Kernel Modules...
         Starting Load Kernel Modules...
[   16.611697] systemd[1]: Set up automount Arbitrary Executable File Formats File System Automount Point.
[[0;32m  OK  [0m] Set up automount Arbitrary Executab...ats File System Automount Point.
[   16.865538] systemd[1]: Starting Monitoring of LVM2 mirrors, snapshots etc. using dmeventd or progress polling...
         Starting Monitoring of LVM2 mirrors... dmeventd or progress polling...
[   16.883109] systemd[1]: Starting Set console keymap...
         Starting Set console keymap...
[   16.894908] systemd[1]: Started Uncomplicated firewall.
[[0;32m  OK  [0m] Started Uncomplicated firewall.
[   17.200054] systemd[1]: Started Create list of required static device nodes for the current kernel.
[[0;32m  OK  [0m] Started Create list of required sta...ce nodes for the current kernel.
[   17.343646] systemd[1]: Starting Create Static Device Nodes in /dev...
         Starting Create Static Device Nodes in /dev...
[   17.358300] Loading iSCSI transport class v2.0-870.
[   17.526822] systemd[1]: Mounted Debug File System.
[   17.620804] iscsi: registered transport (tcp)
[   17.684721] EXT4-fs (sda1): re-mounted. Opts: (null)
[[0;32m  OK  [0m] Mounted Debug File System.
[   17.688907] systemd[1]: Mounted Huge Pages File System.
[[0;32m  OK  [0m] Mounted Huge Pages File System.
[   17.691657] systemd[1]: Mounted POSIX Message Queue File System.
[[0;32m  OK  [0m] Mounted POSIX Message Queue File System.
[   17.695477] systemd[1]: Started Remount Root and Kernel File Systems.
[[0;32m  OK  [0m] Started Remount Root and Kernel File Systems.
[   17.715516] systemd[1]: Started Nameserver information manager.
[[0;32m  OK  [0m] Started Nameserver information manager.
[   17.764967] systemd[1]: Started LVM2 metadata daemon.
[[0;32m  OK  [0m] Started LVM2 metadata daemon.
[   17.792445] systemd[1]: Starting udev Coldplug all Devices...
         Starting udev Coldplug all Devices...
[   17.863096] systemd[1]: Starting Load/Save Random Seed...
         Starting Load/Save Random Seed...
[   17.921307] systemd[1]: Started Journal Service.
[[0;32m  OK  [0m] Started Journal Service.
[   17.943212] iscsi: registered transport (iser)
[[0;32m  OK  [0m] Started Set console keymap.
[[0;32m  OK  [0m] Started Load Kernel Modules.
[[0;32m  OK  [0m] Started udev Coldplug all Devices.
[[0;32m  OK  [0m] Started Load/Save Random Seed.
         Mounting FUSE Control File System...
         Starting Apply Kernel Variables...
         Starting Flush Journal to Persistent Storage...
[[0;32m  OK  [0m] Mounted FUSE Control File System.
[[0;32m  OK  [0m] Started Monitoring of LVM2 mirrors,...ng dmeventd or progress polling.
[[0;32m  OK  [0m] Started Create Static Device Nodes in /dev.
[[0;32m  OK  [0m] Started Apply Kernel Variables.
[[0;32m  OK  [0m] Started Flush Journal to Persistent Storage.
         Starting udev Kernel Device Manager...
[[0;32m  OK  [0m] Reached target Local File Systems (Pre).
[[0;32m  OK  [0m] Reached target Local File Systems.
         Starting Create Volatile Files and Directories...
         Starting Tell Plymouth To Write Out Runtime Data...
         Starting Set console font and keymap...
         Starting LSB: AppArmor initialization...
         Starting Initial cloud-init job (pre-networking)...
[[0;32m  OK  [0m] Started Tell Plymouth To Write Out Runtime Data.
[[0;32m  OK  [0m] Started udev Kernel Device Manager.
[[0;32m  OK  [0m] Started Dispatch Password Requests to Console Directory Watch.
[[0;32m  OK  [0m] Started Create Volatile Files and Directories.
         Starting Update UTMP about System Boot/Shutdown...
[[0;32m  OK  [0m] Started Set console font and keymap.
[[0;32m  OK  [0m] Created slice system-getty.slice.
[[0;32m  OK  [0m] Found device /dev/ttyS0.
[[0;32m  OK  [0m] Listening on Load/Save RF Kill Switch Status /dev/rfkill Watch.
[[0;32m  OK  [0m] Started Update UTMP about System Boot/Shutdown.
[[0;32m  OK  [0m] Found device 82540EM Gigabit Ethern...r (PRO/1000 MT Desktop Adapter).
[[0;32m  OK  [0m] Found device 82540EM Gigabit Ethern...r (PRO/1000 MT Desktop Adapter).
[[0;32m  OK  [0m] Started LSB: AppArmor initialization.
[   22.672158] cloud-init[517]: Cloud-init v. 18.4-0ubuntu1~16.04.2 running 'init-local' at Sun, 06 Jan 2019 12:53:18 +0000. Up 21.86 seconds.
[[0;32m  OK  [0m] Started Initial cloud-init job (pre-networking).
[[0;32m  OK  [0m] Reached target Network (Pre).
[[0;32m  OK  [0m] Started ifup for enp0s8.
         Starting Raise network interfaces...
[[0;32m  OK  [0m] Started ifup for enp0s3.
[[0;32m  OK  [0m] Started Raise network interfaces.
[[0;32m  OK  [0m] Reached target Network.
         Starting Initial cloud-init job (metadata service crawler)...
[   25.497926] cloud-init[1094]: Cloud-init v. 18.4-0ubuntu1~16.04.2 running 'init' at Sun, 06 Jan 2019 12:53:20 +0000. Up 23.73 seconds.
[   25.526869] cloud-init[1094]: ci-info: ++++++++++++++++++++++++++++++++++++++Net device info+++++++++++++++++++++++++++++++++++++++
[   25.540635] cloud-init[1094]: ci-info: +--------+------+-----------------------------+---------------+--------+-------------------+
[[0;32m  OK  [0m] Started Initial cloud-init job (metadata service crawler).[   25.592417] cloud-init[1094]: ci-info: | Device |  Up  |           Address           |      Mask     | Scope  |     Hw-Address    |
[   25.593188] cloud-init[1094]: ci-info: +--------+------+-----------------------------+---------------+--------+-------------------+
[   25.593314] cloud-init[1094]: ci-info: | enp0s3 | True |          10.0.2.15          | 255.255.255.0 | global | 02:9d:41:38:04:50 |
[   25.593409] cloud-init[1094]: ci-info: | enp0s3 | True |  fe80::9d:41ff:fe38:450/64  |       .       |  link  | 02:9d:41:38:04:50 |
[   25.593499] cloud-init[1094]: ci-info: | enp0s8 | True |        192.168.83.137       | 255.255.255.0 | global | 08:00:27:17:3f:1f |
[   25.593585] cloud-init[1094]: ci-info: | enp0s8 | True | fe80::a00:27ff:fe17:3f1f/64 |       .       |  link  | 08:00:27:17:3f:1f |
[   25.593656] cloud-init[1094]: ci-info: |   lo   | True |          127.0.0.1          |   255.0.0.0   |  host  |         .         |
[   25.593737] cloud-init[1094]: ci-info: |   lo   | True |           ::1/128           |       .       |  host  |         .         |
[   25.593809] cloud-init[1094]: ci-info: +--------+------+-----------------------------+---------------+--------+-------------------+
[   25.593931] cloud-init[1094]: ci-info: ++++++++++++++++++++++++++++Route IPv4 info++++++++++++++++++++++++++++
[   25.594004] cloud-init[1094]: ci-info: +-------+--------------+----------+---------------+-----------+-------+
[   25.594076] cloud-init[1094]: ci-info: | Route | Destination  | Gateway  |    Genmask    | Interface | Flags |
[   25.594146] cloud-init[1094]: ci-info: +-------+--------------+----------+---------------+-----------+-------+
[   25.594221] cloud-init[1094]: ci-info: |   0   |   0.0.0.0    | 10.0.2.2 |    0.0.0.0    |   enp0s3  |   UG  |
[   25.594292] cloud-init[1094]: ci-info: |   1   |   10.0.2.0   | 0.0.0.0  | 255.255.255.0 |   enp0s3  |   U   |
[   25.594364] cloud-init[1094]: ci-info: |   2   | 192.168.83.0 | 0.0.0.0  | 255.255.255.0 |   enp0s8  |   U   |
[   25.594433] cloud-init[1094]: ci-info: +-------+--------------+----------+---------------+-----------+-------+
[   25.594503] cloud-init[1094]: ci-info: +++++++++++++++++++Route IPv6 info+++++++++++++++++++
[   25.594575] cloud-init[1094]: ci-info: +-------+-------------+---------+-----------+-------+
[   25.594690] cloud-init[1094]: ci-info: | Route | Destination | Gateway | Interface | Flags |
[   25.594769] cloud-init[1094]: ci-info: +-------+-------------+---------+-----------+-------+

[   25.597666] cloud-init[1094]: ci-info: |   0   |  fe80::/64  |    ::   |   enp0s8  |   U   |
[   25.809308] cloud-init[1094]: ci-info: |   1   |  fe80::/64  |    ::   |   enp0s3  |   U   |
[[0;32m  OK  [0m] Reached target System Initialization.
[[0;32m  OK  [0m] Listening on D-Bus System Message Bus Socket.
[   25.812329] cloud-init[1094]: ci-info: |   4   |   ff00::/8  |    ::   |   enp0s8  |   U   |
[   25.819900] cloud-init[1094]: ci-info: |   5   |   ff00::/8  |    ::   |   enp0s3  |   U   |
[   25.821194] cloud-init[1094]: ci-info: +-------+-------------+---------+-----------+-------+
[[0;32m  OK  [0m] Started ACPI Events Check.
[[0;32m  OK  [0m] Reached target Paths.
[[0;32m  OK  [0m] Started Daily Cleanup of Temporary Directories.
         Starting Socket activation for snappy daemon.
         Starting LXD - unix socket.
[[0;32m  OK  [0m] Started Daily apt download activities.
[[0;32m  OK  [0m] Started Daily apt upgrade and clean activities.
[[0;32m  OK  [0m] Reached target Timers.
[[0;32m  OK  [0m] Listening on ACPID Listen Socket.
[[0;32m  OK  [0m] Listening on UUID daemon activation socket.
[[0;32m  OK  [0m] Reached target Cloud-config availability.
[[0;32m  OK  [0m] Reached target Network is Online.
         Starting iSCSI initiator daemon (iscsid)...
[[0;32m  OK  [0m] Listening on Socket activation for snappy daemon.
[[0;32m  OK  [0m] Listening on LXD - unix socket.
[[0;32m  OK  [0m] Reached target Sockets.
[[0;32m  OK  [0m] Reached target Basic System.
         Starting System Logging Service...
         Starting LXD - container startup/shutdown...
         Starting Login Service...
         Starting Snappy daemon...
[[0;32m  OK  [0m] Started FUSE filesystem for LXC.
[[0;32m  OK  [0m] Started D-Bus System Message Bus.
         Starting Daily apt upgrade and clean activities...
         Starting LSB: Record successful boot for GRUB...
         Starting Accounts Service...
[[0;32m  OK  [0m] Started Regular background program processing daemon.
         Starting LSB: MD monitoring daemon...
         Starting /etc/rc.local Compatibility...
         Starting Virtualbox guest utils...
[[0;32m  OK  [0m] Started ACPI event daemon.
[[0;32m  OK  [0m] Started Unattended Upgrades Shutdown.
         Starting OpenBSD Secure Shell server...
[[0;32m  OK  [0m] Started Deferred execution scheduler.
[[0;32m  OK  [0m] Started System Logging Service.
[[0;32m  OK  [0m] Started /etc/rc.local Compatibility.
[[0;32m  OK  [0m] Started Login Service.
[[0;32m  OK  [0m] Started iSCSI initiator daemon (iscsid).
         Starting Login to default iSCSI targets...
[[0;32m  OK  [0m] Started LSB: Record successful boot for GRUB.
[[0;32m  OK  [0m] Started Login to default iSCSI targets.
[[0;32m  OK  [0m] Reached target Remote File Systems (Pre).
[[0;32m  OK  [0m] Reached target Remote File Systems.
         Starting LSB: daemon to balance interrupts for SMP systems...
         Starting LSB: Start and stop the mysql database server daemon...
         Starting LSB: Set the CPU Frequency Scaling governor to "ondemand"...
         Starting Permit User Sessions...
         Starting LSB: automatic crash report generation...
         Starting LSB: Apache2 web server...
[[0;32m  OK  [0m] Started LSB: Set the CPU Frequency Scaling governor to "ondemand".
[[0;32m  OK  [0m] Started LSB: MD monitoring daemon.
[[0;32m  OK  [0m] Started Permit User Sessions.
         Starting Hold until boot process finishes up...
         Starting Terminate Plymouth Boot Screen...
         Starting Authenticate and Authorize Users to Run Privileged Tasks...
[[0;32m  OK  [0m] Started Hold until boot process finishes up.
[[0;32m  OK  [0m] Started Terminate Plymouth Boot Screen.
         Starting Set console scheme...
[[0;32m  OK  [0m] Started Getty on tty1.
[[0;32m  OK  [0m] Started Serial Getty on ttyS0.
[[0;32m  OK  [0m] Reached target Login Prompts.
[[0;32m  OK  [0m] Started LSB: daemon to balance interrupts for SMP systems.
[[0;32m  OK  [0m] Started Set console scheme.
[[0;32m  OK  [0m] Started LSB: automatic crash report generation.
[[0;32m  OK  [0m] Started Virtualbox guest utils.
[[0;32m  OK  [0m] Started Authenticate and Authorize Users to Run Privileged Tasks.
[[0;32m  OK  [0m] Started Accounts Service.
[[0;32m  OK  [0m] Started OpenBSD Secure Shell server.
[[0;32m  OK  [0m] Started LXD - container startup/shutdown.
[[0;32m  OK  [0m] Started Snappy daemon.
         Starting Wait until snapd is fully seeded...
[[0;32m  OK  [0m] Created slice User Slice of vagrant.
         Starting User Manager for UID 1000...
[[0;32m  OK  [0m] Started Session 1 of user vagrant.
[[0;32m  OK  [0m] Started Wait until snapd is fully seeded.
         Starting Apply the settings specified in cloud-config...

Ubuntu 16.04.5 LTS kouosl ttyS0

kouosl login: [   41.107219] cloud-init[1413]: Cloud-init v. 18.4-0ubuntu1~16.04.2 running 'modules:config' at Sun, 06 Jan 2019 12:53:34 +0000. Up 38.32 seconds.
[   61.343967] cloud-init[2293]: Cloud-init v. 18.4-0ubuntu1~16.04.2 running 'modules:final' at Sun, 06 Jan 2019 12:53:57 +0000. Up 60.68 seconds.
[   61.344468] cloud-init[2293]: Cloud-init v. 18.4-0ubuntu1~16.04.2 finished at Sun, 06 Jan 2019 12:53:57 +0000. Datasource DataSourceNoCloud [seed=/dev/sdb][dsmode=net].  Up 61.33 seconds
         Stopping Aut         Stopping Unattended Upgrades Shutdown...
         Stopping Regular background program processing daemon...
         Stopping LSB: Apache2 web server...
         Stopping LSB: Set the CPU Frequency Scaling governor to "ondemand"...
         Stopping OpenBSD Secure Shell server...
         Stopping System Logging Service...
         Stopping D-Bus System Message Bus...
         Stopping LSB: MD monitoring daemon...
         Stopping LSB: Record successful boot for GRUB...
         Stopping LSB: daemon to balance interrupts for SMP systems...
[[0;32m  OK  [0m] Stopped Apply the settings specified in cloud-config.
[[0;32m  OK  [0m] Stopped Wait until snapd is fully seeded.
         Stopping Snappy daemon...
[[0;32m  OK  [0m] Stopped target Cloud-config availability.
[[0;32m  OK  [0m] Unmounted /var/lib/lxcfs.
[[0;32m  OK  [0m] Stopped Accounts Service.
[[0;32m  OK  [0m] Stopped Regular background program processing daemon.
[[0;32m  OK  [0m] Stopped ACPI event daemon.
[[0;32m  OK  [0m] Stopped Deferred execution scheduler.
[[0;32m  OK  [0m] Stopped Authenticate and Authorize Users to Run Privileged Tasks.
[[0;32m  OK  [0m] Stopped Getty on tty1.
[[0;32m  OK  [0m] Stopped Serial Getty on ttyS0.
[[0;32m  OK  [0m] Stopped OpenBSD Secure Shell server.
[[0;32m  OK  [0m] Stopped User Manager for UID 1000.
[[0;32m  OK  [0m] Stopped Session 18 of user vagrant.
[[0;32m  OK  [0m] Stopped LXD - container startup/shutdown.
[[0;32m  OK  [0m] Removed slice User Slice of vagrant.
         Stopping Login Service...
[[0;32m  OK  [0m] Removed slice system-serial\x2dgetty.slice.
         Stopping Permit User Sessions...
[[0;32m  OK  [0m] Removed slice system-getty.slice.
[[0;32m  OK  [0m] Stopped /etc/rc.local Compatibility.
[[0;32m  OK  [0m] Stopped System Logging Service.
[[0;32m  OK  [0m] Stopped Login Service.
[[0;32m  OK  [0m] Stopped D-Bus System Message Bus.
[[0;32m  OK  [0m] Stopped FUSE filesystem for LXC.
[[0;32m  OK  [0m] Stopped Permit User Sessions.
[[0;32m  OK  [0m] Stopped Unattended Upgrades Shutdown.
[[0;32m  OK  [0m] Stopped Snappy daemon.
[[0;32m  OK  [0m] Stopped target User and Group Name Lookups.
[[0;32m  OK  [0m] Stopped LSB: Set the CPU Frequency Scaling governor to "ondemand".
[[0;32m  OK  [0m] Stopped LSB: automatic crash report generation.
[[0;32m  OK  [0m] Stopped LSB: MD monitoring daemon.
[[0;32m  OK  [0m] Stopped LSB: Record successful boot for GRUB.
[[0;32m  OK  [0m] Stopped LSB: daemon to balance interrupts for SMP systems.
[[0;32m  OK  [0m] Stopped Virtualbox guest utils.
[[0;32m  OK  [0m] Stopped LSB: Apache2 web server.
[[0;32m  OK  [0m] Stopped LSB: Start and stop the mysql database server daemon.
[[0;32m  OK  [0m] Stopped target Basic System.
[[0;32m  OK  [0m] Stopped target Sockets.
[[0;32m  OK  [0m] Closed LXD - unix socket.
[[0;32m  OK  [0m] Closed ACPID Listen Socket.
[[0;32m  OK  [0m] Closed D-Bus System Message Bus Socket.
[[0;32m  OK  [0m] Closed UUID daemon activation socket.
[[0;32m  OK  [0m] Closed Syslog Socket.
[[0;32m  OK  [0m] Closed Socket activation for snappy daemon.
[[0;32m  OK  [0m] Stopped target Slices.
[[0;32m  OK  [0m] Removed slice User and Session Slice.
[[0;32m  OK  [0m] Stopped target Paths.
[[0;32m  OK  [0m] Stopped Forward Password Requests to Wall Directory Watch.
[[0;32m  OK  [0m] Stopped Dispatch Password Requests to Console Directory Watch.
[[0;32m  OK  [0m] Stopped ACPI Events Check.
[[0;32m  OK  [0m] Stopped target System Initialization.
[[0;32m  OK  [0m] Stopped Create Volatile Files and Directories.
         Stopping Load/Save Random Seed...
[[0;32m  OK  [0m] Stopped target Encrypted Volumes.
[[0;32m  OK  [0m] Stopped target Swap.
[[0;32m  OK  [0m] Stopped target System Time Synchronized.
[[0;32m  OK  [0m] Stopped target Remote File Systems.
[[0;32m  OK  [0m] Stopped target Remote File Systems (Pre).
         Stopping Login to default iSCSI targets...
[[0;32m  OK  [0m] Stopped Load/Save Random Seed.
[[0;32m  OK  [0m] Stopped Login to default iSCSI targets.
         Stopping iSCSI initiator daemon (iscsid)...
[[0;32m  OK  [0m] Stopped iSCSI initiator daemon (iscsid).
[[0;32m  OK  [0m] Stopped target Network is Online.
[[0;32m  OK  [0m] Stopped target Network.
[[0;32m  OK  [0m] Stopped Initial cloud-init job (metadata service crawler).
         Stopping Raise network interfaces...
[[0;32m  OK  [0m] Stopped Raise network interfaces.
[[0;32m  OK  [0m] Stopped target Network (Pre).
[[0;32m  OK  [0m] Stopped Initial cloud-init job (pre-networking).
[[0;32m  OK  [0m] Stopped Apply Kernel Variables.
[[0;32m  OK  [0m] Stopped Load Kernel Modules.
[[0;32m  OK  [0m] Stopped target Local File Systems.
         Unmounting /var/www/portal...
         Unmounting /run/user/1000...
[[0;32m  OK  [0m] Unmounted /run/user/1000.
[[0;32m  OK  [0m] Unmounted /var/www/portal.
[[0;32m  OK  [0m] Reached target Unmount All Filesystems.
[[0;32m  OK  [0m] Stopped target Local File Systems (Pre).
[[0;32m  OK  [0m] Stopped Create Static Device Nodes in /dev.
         Stopping Monitoring of LVM2 mirrors... dmeventd or progress polling...
[[0;32m  OK  [0m] Stopped Remount Root and Kernel File Systems.
[[0;32m  OK  [0m] Reached target Shutdown.
[16242.204548] reboot: Power down
